\BOOKMARK [1][-]{section*.2}{Liste des abr\351viations et acronymes}{}% 1
\BOOKMARK [0][-]{part.1}{I Introduction}{}% 2
\BOOKMARK [0][-]{part.2}{II Description du plastique}{}% 3
\BOOKMARK [1][-]{section.1}{Caract\351ristiques chimiques}{part.2}% 4
\BOOKMARK [1][-]{section.2}{Caract\351ristiques physiques}{part.2}% 5
\BOOKMARK [2][-]{subsection.2.1}{Propri\351t\351s thermiques}{section.2}% 6
\BOOKMARK [2][-]{subsection.2.2}{Propri\351t\351s m\351caniques}{section.2}% 7
\BOOKMARK [2][-]{subsection.2.3}{Autres propri\351t\351s}{section.2}% 8
\BOOKMARK [0][-]{part.3}{III Utilisation, production, sources de pollution et types d'environnements contamin\351s}{}% 9
\BOOKMARK [1][-]{section.1}{Utilisation}{part.3}% 10
\BOOKMARK [1][-]{section.2}{Production du plastique}{part.3}% 11
\BOOKMARK [1][-]{section.3}{Sources de pollution et types d'environnements contamin\351s}{part.3}% 12
\BOOKMARK [2][-]{subsection.3.1}{Dans les oc\351ans}{section.3}% 13
\BOOKMARK [2][-]{subsection.3.2}{Dans l'eau douce}{section.3}% 14
\BOOKMARK [2][-]{subsection.3.3}{Dans les sols}{section.3}% 15
\BOOKMARK [0][-]{part.4}{IV Dangers potentiels pour l'environnement}{}% 16
\BOOKMARK [1][-]{section.1}{Impact sur le littoral et les oc\351ans}{part.4}% 17
\BOOKMARK [1][-]{section.2}{Enchev\352trement}{part.4}% 18
\BOOKMARK [1][-]{section.3}{Ingestion}{part.4}% 19
\BOOKMARK [1][-]{section.4}{Ingestion de polluants organiques persistants \(POP\)}{part.4}% 20
\BOOKMARK [1][-]{section.5}{Les additifs}{part.4}% 21
\BOOKMARK [1][-]{section.6}{Invasion potentielle d'esp\350ces \351trang\350res}{part.4}% 22
\BOOKMARK [0][-]{part.5}{V Aspects l\351gislatifs}{}% 23
\BOOKMARK [0][-]{part.6}{VI Bior\351m\351diation des milieux contamin\351s}{}% 24
\BOOKMARK [1][-]{section.1}{M\351canismes et difficult\351s li\351s \340 la d\351gradation du plastique}{part.6}% 25
\BOOKMARK [1][-]{section.2}{Biod\351gradation des biopolym\350res}{part.6}% 26
\BOOKMARK [2][-]{subsection.2.1}{Introduction}{section.2}% 27
\BOOKMARK [2][-]{subsection.2.2}{Biod\351t\351rioration}{section.2}% 28
\BOOKMARK [3][-]{subsubsection.2.2.1}{Facteurs physiques et chimiques de d\351gradation}{subsection.2.2}% 29
\BOOKMARK [2][-]{subsection.2.3}{Biofragmentation}{section.2}% 30
\BOOKMARK [3][-]{subsubsection.2.3.1}{D\351polym\351risation asp\351cifique - biod\351gradation de la lignine}{subsection.2.3}% 31
\BOOKMARK [3][-]{subsubsection.2.3.2}{D\351polym\351risation sp\351cifique - biod\351gradation d'un polyester}{subsection.2.3}% 32
\BOOKMARK [1][-]{section.3}{Poly\351thyl\350ne}{part.6}% 33
\BOOKMARK [2][-]{subsection.3.1}{Produits de d\351gradation}{section.3}% 34
\BOOKMARK [2][-]{subsection.3.2}{Efficacit\351 de d\351gradation}{section.3}% 35
\BOOKMARK [1][-]{section.4}{PET}{part.6}% 36
\BOOKMARK [2][-]{subsection.4.1}{Efficacit\351 de d\351gradation}{section.4}% 37
